<?xml version="1.0" encoding="UTF-8"?>
<!-- Generated by org.testng.reporters.JUnitReportReporter -->
<testsuite skipped="0" hostname="Vishal-Dagar" name="com.qa.test.PostApiTest" tests="1" failures="0" timestamp="2020-01-14T18:38:08 IST" time="1.928" errors="0">
  <testcase name="postApiTest" time="1.928" classname="com.qa.test.PostApiTest"/>
  <system-out/>
</testsuite> <!-- com.qa.test.PostApiTest -->
