<?xml version="1.0" encoding="UTF-8"?>
<!-- Generated by org.testng.reporters.JUnitReportReporter -->
<testsuite skipped="0" hostname="Vishal-Dagar" name="com.qa.test.GetApiTest" tests="2" failures="0" timestamp="2020-01-31T18:13:15 IST" time="1.862" errors="0">
  <testcase name="getAPITestwithoutHeaders" time="1.416" classname="com.qa.test.GetApiTest"/>
  <system-out/>
  <testcase name="getAPITestwithHeaders" time="0.446" classname="com.qa.test.GetApiTest"/>
  <system-out/>
</testsuite> <!-- com.qa.test.GetApiTest -->
